<?xml version="1.0" encoding="UTF-8"?>
<!-- Generated by org.testng.reporters.JUnitReportReporter -->
<testsuite hostname="ASMP002.local" failures="0" tests="2" name="io.github.madhank93.automating_internet_app.ABTesting" time="8.542" errors="0" timestamp="2020-04-25T23:42:57 IST" skipped="0">
  <testcase classname="io.github.madhank93.automating_internet_app.ABTesting" name="WithOptOutUrl" time="8.104"/>
  <system-out/>
  <testcase classname="io.github.madhank93.automating_internet_app.ABTesting" name="WithCookieAfterVisitingPage" time="0.438"/>
  <system-out/>
</testsuite> <!-- io.github.madhank93.automating_internet_app.ABTesting -->
