<?xml version="1.0" encoding="UTF-8"?>
<!-- Generated by org.testng.reporters.JUnitReportReporter -->
<testsuite hostname="ASMP002.local" failures="0" tests="3" name="io.github.madhank93.automating_internet_app.Dropdown" time="0.378" errors="0" timestamp="2020-04-26T11:01:12 IST" skipped="0">
  <testcase classname="io.github.madhank93.automating_internet_app.Dropdown" name="selectDropdownUsingSelectByValue" time="0.161"/>
  <system-out/>
  <testcase classname="io.github.madhank93.automating_internet_app.Dropdown" name="selectDropdownUsingSelectByIndex" time="0.138"/>
  <system-out/>
  <testcase classname="io.github.madhank93.automating_internet_app.Dropdown" name="selectDropdownUsingSelectByVisibleText" time="0.079"/>
  <system-out/>
</testsuite> <!-- io.github.madhank93.automating_internet_app.Dropdown -->
