<?xml version="1.0" encoding="UTF-8"?>
<!-- Generated by org.testng.reporters.JUnitReportReporter -->
<testsuite hostname="ASMP002.local" failures="0" tests="1" name="io.github.madhank93.automating_internet_app.EntryAd" time="0.704" errors="0" timestamp="2020-04-24T21:55:25 IST" skipped="0">
  <testcase classname="io.github.madhank93.automating_internet_app.EntryAd" name="closeEntryAd" time="0.704"/>
  <system-out/>
</testsuite> <!-- io.github.madhank93.automating_internet_app.EntryAd -->
