<?xml version="1.0" encoding="UTF-8"?>
<!-- Generated by org.testng.reporters.JUnitReportReporter -->
<testsuite hostname="ASMP002.local" failures="0" tests="1" name="io.github.madhank93.automating_internet_app.ExitIntent" time="0.679" errors="0" timestamp="2020-04-24T22:46:47 IST" skipped="0">
  <testcase classname="io.github.madhank93.automating_internet_app.ExitIntent" name="mouseMove" time="0.679"/>
  <system-out/>
</testsuite> <!-- io.github.madhank93.automating_internet_app.ExitIntent -->
