<?xml version="1.0" encoding="UTF-8"?>
<!-- Generated by org.testng.reporters.JUnitReportReporter -->
<testsuite hostname="ASMP002.local" failures="0" tests="2" name="io.github.madhank93.automating_internet_app.FileDownloader" time="5.388" errors="0" timestamp="2020-04-26T11:11:09 IST" skipped="0">
  <testcase classname="io.github.madhank93.automating_internet_app.FileDownloader" name="downlodFile" time="0.315"/>
  <system-out/>
  <testcase classname="io.github.madhank93.automating_internet_app.FileDownloader" name="verifyFileExists" time="5.073"/>
  <system-out/>
</testsuite> <!-- io.github.madhank93.automating_internet_app.FileDownloader -->
