<?xml version="1.0" encoding="UTF-8"?>
<!-- Generated by org.testng.reporters.JUnitReportReporter -->
<testsuite hostname="ASMP002.local" failures="0" tests="2" name="io.github.madhank93.automating_internet_app.DynamicLoading" time="14.570" errors="0" timestamp="2020-04-26T11:07:02 IST" skipped="0">
  <testcase classname="io.github.madhank93.automating_internet_app.DynamicLoading" name="waitTillElementDispalyed" time="8.681"/>
  <system-out/>
  <testcase classname="io.github.madhank93.automating_internet_app.DynamicLoading" name="waitTillElementRendered" time="5.889"/>
  <system-out/>
</testsuite> <!-- io.github.madhank93.automating_internet_app.DynamicLoading -->
