<?xml version="1.0" encoding="UTF-8"?>
<!-- Generated by org.testng.reporters.JUnitReportReporter -->
<testsuite hostname="ASMP002.local" failures="0" tests="1" name="io.github.madhank93.automating_internet_app.ForgotPassword" time="1.186" errors="0" timestamp="2020-04-25T09:19:44 IST" skipped="0">
  <testcase classname="io.github.madhank93.automating_internet_app.ForgotPassword" name="forgotPassword" time="1.186"/>
  <system-out/>
</testsuite> <!-- io.github.madhank93.automating_internet_app.ForgotPassword -->
