<?xml version="1.0" encoding="UTF-8"?>
<!-- Generated by org.testng.reporters.JUnitReportReporter -->
<testsuite hostname="ASMP002.local" failures="0" tests="1" name="io.github.madhank93.automating_internet_app.DisappearingElements" time="10.448" errors="0" timestamp="2020-04-22T11:59:13 IST" skipped="0">
  <testcase classname="io.github.madhank93.automating_internet_app.DisappearingElements" name="isGalleryLinkDisplayed" time="10.448"/>
  <system-out/>
</testsuite> <!-- io.github.madhank93.automating_internet_app.DisappearingElements -->
