<?xml version="1.0" encoding="UTF-8"?>
<!-- Generated by org.testng.reporters.JUnitReportReporter -->
<testsuite hostname="ASMP002.local" failures="0" tests="2" name="io.github.madhank93.automating_internet_app.FileUploader" time="7.719" errors="0" timestamp="2020-04-26T10:12:03 IST" skipped="0">
  <testcase classname="io.github.madhank93.automating_internet_app.FileUploader" name="uploadDocument" time="3.948"/>
  <system-out/>
  <testcase classname="io.github.madhank93.automating_internet_app.FileUploader" name="dropFile" time="3.771"/>
  <system-out/>
</testsuite> <!-- io.github.madhank93.automating_internet_app.FileUploader -->
