<?xml version="1.0" encoding="UTF-8"?>
<!-- Generated by org.testng.reporters.JUnitReportReporter -->
<testsuite hostname="ASMP002.local" failures="0" tests="1" name="io.github.madhank93.automating_internet_app.BrokenImages" time="6.106" errors="0" timestamp="2020-04-25T23:29:08 IST" skipped="0">
  <testcase classname="io.github.madhank93.automating_internet_app.BrokenImages" name="statusCodeOfImage" time="6.106"/>
  <system-out/>
</testsuite> <!-- io.github.madhank93.automating_internet_app.BrokenImages -->
