<?xml version="1.0" encoding="UTF-8"?>
<!-- Generated by org.testng.reporters.JUnitReportReporter -->
<testsuite hostname="ASMP002.local" failures="0" tests="1" name="io.github.madhank93.automating_internet_app.NestedFrames" time="0.147" errors="0" timestamp="2020-04-25T23:15:33 IST" skipped="0">
  <testcase classname="io.github.madhank93.automating_internet_app.NestedFrames" name="switchFrames" time="0.147"/>
  <system-out/>
</testsuite> <!-- io.github.madhank93.automating_internet_app.NestedFrames -->
