<?xml version="1.0" encoding="UTF-8"?>
<!-- Generated by org.testng.reporters.JUnitReportReporter -->
<testsuite hostname="ASMP002.local" failures="0" tests="1" name="io.github.madhank93.automating_internet_app.Hovers" time="0.188" errors="0" timestamp="2020-04-26T11:19:04 IST" skipped="0">
  <testcase classname="io.github.madhank93.automating_internet_app.Hovers" name="mouseHover" time="0.188"/>
  <system-out/>
</testsuite> <!-- io.github.madhank93.automating_internet_app.Hovers -->
