<?xml version="1.0" encoding="UTF-8"?>
<!-- Generated by org.testng.reporters.JUnitReportReporter -->
<testsuite hostname="ASMP002.local" failures="0" tests="3" name="io.github.madhank93.automating_internet_app.HorizontalSlider" time="0.606" errors="0" timestamp="2020-04-26T11:18:11 IST" skipped="0">
  <testcase classname="io.github.madhank93.automating_internet_app.HorizontalSlider" name="clickOnTheSlider" time="0.113"/>
  <system-out/>
  <testcase classname="io.github.madhank93.automating_internet_app.HorizontalSlider" name="moveSliderUsingKeyboard" time="0.066"/>
  <system-out/>
  <testcase classname="io.github.madhank93.automating_internet_app.HorizontalSlider" name="moveSliderUsingMouse" time="0.427"/>
  <system-out/>
</testsuite> <!-- io.github.madhank93.automating_internet_app.HorizontalSlider -->
