<?xml version="1.0" encoding="UTF-8"?>
<!-- Generated by org.testng.reporters.JUnitReportReporter -->
<testsuite hostname="ASMP002.local" failures="0" tests="2" name="io.github.madhank93.automating_internet_app.DynamicContent" time="0.998" errors="0" timestamp="2020-04-26T11:04:51 IST" skipped="0">
  <testcase classname="io.github.madhank93.automating_internet_app.DynamicContent" name="exceptionTest" time="0.609"/>
  <system-out/>
  <testcase classname="io.github.madhank93.automating_internet_app.DynamicContent" name="verifyImageChangesOnRefresh" time="0.389"/>
  <system-out/>
</testsuite> <!-- io.github.madhank93.automating_internet_app.DynamicContent -->
