<?xml version="1.0" encoding="UTF-8"?>
<!-- Generated by org.testng.reporters.JUnitReportReporter -->
<testsuite hostname="ASMP002.local" failures="0" tests="2" name="io.github.madhank93.automating_internet_app.ScreenshotOnError" time="0.340" errors="0" timestamp="2020-04-26T11:43:22 IST" skipped="0">
  <testcase classname="io.github.madhank93.automating_internet_app.ScreenshotOnError" name="generateException" time="0.043"/>
  <system-out/>
  <testcase classname="io.github.madhank93.automating_internet_app.ScreenshotOnError" name="fullPageScreenshot" time="0.297"/>
  <system-out/>
</testsuite> <!-- io.github.madhank93.automating_internet_app.ScreenshotOnError -->
