<?xml version="1.0" encoding="UTF-8"?>
<!-- Generated by org.testng.reporters.JUnitReportReporter -->
<testsuite hostname="ASMP002.local" failures="0" tests="3" name="io.github.madhank93.automating_internet_app.Checkboxes" time="15.222" errors="0" timestamp="2020-04-22T08:21:26 IST" skipped="0">
  <testcase classname="io.github.madhank93.automating_internet_app.Checkboxes" name="selectCheckbox1" time="5.085"/>
  <system-out/>
  <testcase classname="io.github.madhank93.automating_internet_app.Checkboxes" name="checkSelectedCheckbox" time="0.073"/>
  <system-out/>
  <testcase classname="io.github.madhank93.automating_internet_app.Checkboxes" name="unselectAllCheckbox" time="10.064"/>
  <system-out/>
</testsuite> <!-- io.github.madhank93.automating_internet_app.Checkboxes -->
