<?xml version="1.0" encoding="UTF-8"?>
<!-- Generated by org.testng.reporters.JUnitReportReporter -->
<testsuite hostname="ASMP002.local" failures="0" tests="1" name="io.github.madhank93.automating_internet_app.ContextMenu" time="0.208" errors="0" timestamp="2020-04-26T10:56:56 IST" skipped="0">
  <testcase classname="io.github.madhank93.automating_internet_app.ContextMenu" name="performMouseRightClick" time="0.208"/>
  <system-out/>
</testsuite> <!-- io.github.madhank93.automating_internet_app.ContextMenu -->
