<?xml version="1.0" encoding="UTF-8"?>
<!-- Generated by org.testng.reporters.JUnitReportReporter -->
<testsuite hostname="ASMP002.local" failures="0" tests="1" name="io.github.madhank93.automating_internet_app.StatusCodes" time="7.531" errors="0" timestamp="2020-04-25T22:24:54 IST" skipped="0">
  <testcase classname="io.github.madhank93.automating_internet_app.StatusCodes" name="statusCode" time="7.531"/>
  <system-out/>
</testsuite> <!-- io.github.madhank93.automating_internet_app.StatusCodes -->
