<?xml version="1.0" encoding="UTF-8"?>
<!-- Generated by org.testng.reporters.JUnitReportReporter -->
<testsuite hostname="ASMP002.local" failures="0" tests="2" name="io.github.madhank93.automating_internet_app.GeoLocation" time="23.880" errors="0" timestamp="2020-04-26T11:15:26 IST" skipped="0">
  <testcase classname="io.github.madhank93.automating_internet_app.GeoLocation" name="allowGeoloction" time="9.116"/>
  <system-out/>
  <testcase classname="io.github.madhank93.automating_internet_app.GeoLocation" name="blockGeoloction" time="14.764"/>
  <system-out/>
</testsuite> <!-- io.github.madhank93.automating_internet_app.GeoLocation -->
