<?xml version="1.0" encoding="UTF-8"?>
<!-- Generated by org.testng.reporters.JUnitReportReporter -->
<testsuite hostname="ASMP002.local" failures="0" tests="2" name="io.github.madhank93.automating_internet_app.Inputs" time="0.246" errors="0" timestamp="2020-04-25T18:03:51 IST" skipped="0">
  <testcase classname="io.github.madhank93.automating_internet_app.Inputs" name="sendStringValue" time="0.160"/>
  <system-out/>
  <testcase classname="io.github.madhank93.automating_internet_app.Inputs" name="sendNumericalValue" time="0.086"/>
  <system-out/>
</testsuite> <!-- io.github.madhank93.automating_internet_app.Inputs -->
