<?xml version="1.0" encoding="UTF-8"?>
<!-- Generated by org.testng.reporters.JUnitReportReporter -->
<testsuite hostname="ASMP002.local" failures="0" tests="1" name="io.github.madhank93.automating_internet_app.InfiniteScroll" time="10.402" errors="0" timestamp="2020-04-25T17:48:26 IST" skipped="0">
  <testcase classname="io.github.madhank93.automating_internet_app.InfiniteScroll" name="infiniteScroll" time="10.402"/>
  <system-out/>
</testsuite> <!-- io.github.madhank93.automating_internet_app.InfiniteScroll -->
