<?xml version="1.0" encoding="UTF-8"?>
<!-- Generated by org.testng.reporters.JUnitReportReporter -->
<testsuite hostname="ASMP002.local" failures="0" tests="1" name="io.github.madhank93.automating_internet_app.JQueryUIMenu" time="1.829" errors="0" timestamp="2020-04-26T11:27:18 IST" skipped="0">
  <testcase classname="io.github.madhank93.automating_internet_app.JQueryUIMenu" name="mouseHoverOnMenuList" time="1.829"/>
  <system-out/>
</testsuite> <!-- io.github.madhank93.automating_internet_app.JQueryUIMenu -->
