<?xml version="1.0" encoding="UTF-8"?>
<!-- Generated by org.testng.reporters.JUnitReportReporter -->
<testsuite hostname="ASMP002.local" failures="0" tests="1" name="io.github.madhank93.automating_internet_app.JavascriptError" time="0.018" errors="0" timestamp="2020-04-26T11:26:24 IST" skipped="0">
  <testcase classname="io.github.madhank93.automating_internet_app.JavascriptError" name="captureAndPrintJSError" time="0.018"/>
  <system-out/>
</testsuite> <!-- io.github.madhank93.automating_internet_app.JavascriptError -->
