<?xml version="1.0" encoding="UTF-8"?>
<!-- Generated by org.testng.reporters.JUnitReportReporter -->
<testsuite hostname="ASMP002.local" failures="0" tests="3" name="io.github.madhank93.automating_internet_app.Checkboxes" time="0.202" errors="0" timestamp="2020-04-26T10:55:32 IST" skipped="0">
  <testcase classname="io.github.madhank93.automating_internet_app.Checkboxes" name="selectCheckbox1" time="0.071"/>
  <system-out/>
  <testcase classname="io.github.madhank93.automating_internet_app.Checkboxes" name="unselectAllCheckbox" time="0.059"/>
  <system-out/>
  <testcase classname="io.github.madhank93.automating_internet_app.Checkboxes" name="checkSelectedCheckbox" time="0.072"/>
  <system-out/>
</testsuite> <!-- io.github.madhank93.automating_internet_app.Checkboxes -->
