<?xml version="1.0" encoding="UTF-8"?>
<!-- Generated by org.testng.reporters.JUnitReportReporter -->
<testsuite hostname="ASMP002.local" failures="0" tests="3" name="io.github.madhank93.automating_internet_app.HorizontalSlider" time="0.641" errors="0" timestamp="2020-04-25T12:41:00 IST" skipped="0">
  <testcase classname="io.github.madhank93.automating_internet_app.HorizontalSlider" name="clickOnTheSlider" time="0.137"/>
  <system-out/>
  <testcase classname="io.github.madhank93.automating_internet_app.HorizontalSlider" name="moveSliderUsingKeyboard" time="0.070"/>
  <system-out/>
  <testcase classname="io.github.madhank93.automating_internet_app.HorizontalSlider" name="moveSliderUsingMouse" time="0.434"/>
  <system-out/>
</testsuite> <!-- io.github.madhank93.automating_internet_app.HorizontalSlider -->
