<?xml version="1.0" encoding="UTF-8"?>
<!-- Generated by org.testng.reporters.JUnitReportReporter -->
<testsuite hostname="ASMP002.local" failures="0" tests="7" name="io.github.madhank93.automating_internet_app.AddRemoveElements" time="0.790" errors="0" timestamp="2020-04-26T10:40:03 IST" skipped="0">
  <testcase classname="io.github.madhank93.automating_internet_app.AddRemoveElements" name="checkAddButtonAvailability" time="0.098"/>
  <system-out/>
  <testcase classname="io.github.madhank93.automating_internet_app.AddRemoveElements" name="clickAddButton" time="0.066"/>
  <system-out/>
  <testcase classname="io.github.madhank93.automating_internet_app.AddRemoveElements" name="clickAddButtonUsingMouseAction" time="0.154"/>
  <system-out/>
  <testcase classname="io.github.madhank93.automating_internet_app.AddRemoveElements" name="clickAddButtonUsingKeyboardAction" time="0.140"/>
  <system-out/>
  <testcase classname="io.github.madhank93.automating_internet_app.AddRemoveElements" name="isDeleteButtonDisplayed" time="0.059"/>
  <system-out/>
  <testcase classname="io.github.madhank93.automating_internet_app.AddRemoveElements" name="countNumberOfDeleteButton" time="0.067"/>
  <system-out/>
  <testcase classname="io.github.madhank93.automating_internet_app.AddRemoveElements" name="deleteElement" time="0.206"/>
  <system-out/>
</testsuite> <!-- io.github.madhank93.automating_internet_app.AddRemoveElements -->
