<?xml version="1.0" encoding="UTF-8"?>
<!-- Generated by org.testng.reporters.JUnitReportReporter -->
<testsuite hostname="ASMP002.local" failures="0" tests="1" name="io.github.madhank93.automating_internet_app.DragAndDrop" time="0.399" errors="0" timestamp="2020-04-22T20:26:28 IST" skipped="0">
  <testcase classname="io.github.madhank93.automating_internet_app.DragAndDrop" name="dragAndDropYellowBox" time="0.399"/>
  <system-out/>
</testsuite> <!-- io.github.madhank93.automating_internet_app.DragAndDrop -->
