<?xml version="1.0" encoding="UTF-8"?>
<!-- Generated by org.testng.reporters.JUnitReportReporter -->
<testsuite hostname="ASMP002.local" failures="0" tests="2" name="io.github.madhank93.automating_internet_app.LoginPageDataDriven" time="6.171" errors="0" timestamp="2020-04-26T09:58:38 IST" skipped="0">
  <testcase classname="io.github.madhank93.automating_internet_app.LoginPageDataDriven" name="login" time="5.906"/>
  <system-out/>
  <testcase classname="io.github.madhank93.automating_internet_app.LoginPageDataDriven" name="writeLoginResult" time="0.265"/>
  <system-out/>
</testsuite> <!-- io.github.madhank93.automating_internet_app.LoginPageDataDriven -->
