<?xml version="1.0" encoding="UTF-8"?>
<!-- Generated by org.testng.reporters.JUnitReportReporter -->
<testsuite hostname="ASMP002.local" failures="0" tests="1" name="io.github.madhank93.automating_internet_app.JavascriptError" time="0.019" errors="0" timestamp="2020-04-25T19:19:35 IST" skipped="0">
  <testcase classname="io.github.madhank93.automating_internet_app.JavascriptError" name="captureError" time="0.019"/>
  <system-out/>
</testsuite> <!-- io.github.madhank93.automating_internet_app.JavascriptError -->
