<?xml version="1.0" encoding="UTF-8"?>
<!-- Generated by org.testng.reporters.JUnitReportReporter -->
<testsuite hostname="ASMP002.local" failures="0" tests="4" name="io.github.madhank93.automating_internet_app.JavaScriptAlerts" time="0.544" errors="0" timestamp="2020-04-25T18:28:02 IST" skipped="0">
  <testcase classname="io.github.madhank93.automating_internet_app.JavaScriptAlerts" name="cancelJsConfirm" time="0.123"/>
  <system-out/>
  <testcase classname="io.github.madhank93.automating_internet_app.JavaScriptAlerts" name="acceptJsConfirm" time="0.174"/>
  <system-out/>
  <testcase classname="io.github.madhank93.automating_internet_app.JavaScriptAlerts" name="handleJsPrompt" time="0.135"/>
  <system-out/>
  <testcase classname="io.github.madhank93.automating_internet_app.JavaScriptAlerts" name="handleJsAlert" time="0.112"/>
  <system-out/>
</testsuite> <!-- io.github.madhank93.automating_internet_app.JavaScriptAlerts -->
